1659543294249	geckodriver	INFO	Listening on 127.0.0.1:58052
1659543294778	mozrunner::runner	INFO	Running command: "/Applications/Firefox.app/Contents/MacOS/firefox-bin" "--marionette" "-headless" "--remote-debugging-port" "58053" "-foreground" "-no-remote" "-profile" "/var/folders/x9/wwqv3bs174n51_v9w6kf3ydc0000gn/T/rust_mozprofileJ9Ypkf"
*** You are running in headless mode.
2022-08-03 12:14:55.038 plugin-container[14193:288635] nil host used in call to allowsSpecificHTTPSCertificateForHost
2022-08-03 12:14:55.038 plugin-container[14193:288635] nil host used in call to allowsAnyHTTPSCertificateForHost:
2022-08-03 12:14:55.040 plugin-container[14193:288635] nil host used in call to allowsSpecificHTTPSCertificateForHost
2022-08-03 12:14:55.040 plugin-container[14193:288635] nil host used in call to allowsAnyHTTPSCertificateForHost:
2022-08-03 12:14:55.040 plugin-container[14193:288637] nil host used in call to allowsSpecificHTTPSCertificateForHost
2022-08-03 12:14:55.040 plugin-container[14193:288637] nil host used in call to allowsAnyHTTPSCertificateForHost:
1659543295040	Marionette	INFO	Marionette enabled
1659543295047	Marionette	INFO	Listening on port 58058
WebDriver BiDi listening on ws://localhost:58053
1659543295167	RemoteAgent	WARN	TLS certificate errors will be ignored for this session
[GFX1-]: RenderCompositorSWGL failed mapping default framebuffer, no dt
console.warn: SearchSettings: "get: No settings file exists, new profile?" (new NotFoundError("Could not open the file at /var/folders/x9/wwqv3bs174n51_v9w6kf3ydc0000gn/T/rust_mozprofileJ9Ypkf/search.json.mozlz4", (void 0)))
DevTools listening on ws://localhost:58053/devtools/browser/edd4b472-b120-418c-bfa0-44896486e6b4
1659543298452	Marionette	INFO	Stopped listening on port 58058
1659543410047	geckodriver	INFO	Listening on 127.0.0.1:58145
1659543410077	mozrunner::runner	INFO	Running command: "/Applications/Firefox.app/Contents/MacOS/firefox-bin" "--marionette" "-headless" "--remote-debugging-port" "58146" "-foreground" "-no-remote" "-profile" "/var/folders/x9/wwqv3bs174n51_v9w6kf3ydc0000gn/T/rust_mozprofileapZT1Y"
*** You are running in headless mode.
2022-08-03 12:16:50.284 plugin-container[18022:312608] nil host used in call to allowsSpecificHTTPSCertificateForHost
2022-08-03 12:16:50.285 plugin-container[18022:312608] nil host used in call to allowsAnyHTTPSCertificateForHost:
2022-08-03 12:16:50.287 plugin-container[18022:312608] nil host used in call to allowsSpecificHTTPSCertificateForHost
2022-08-03 12:16:50.287 plugin-container[18022:312608] nil host used in call to allowsAnyHTTPSCertificateForHost:
2022-08-03 12:16:50.287 plugin-container[18022:312605] nil host used in call to allowsSpecificHTTPSCertificateForHost
2022-08-03 12:16:50.287 plugin-container[18022:312605] nil host used in call to allowsAnyHTTPSCertificateForHost:
1659543410291	Marionette	INFO	Marionette enabled
1659543410302	Marionette	INFO	Listening on port 58149
WebDriver BiDi listening on ws://localhost:58146
1659543410483	RemoteAgent	WARN	TLS certificate errors will be ignored for this session
[GFX1-]: RenderCompositorSWGL failed mapping default framebuffer, no dt
console.warn: SearchSettings: "get: No settings file exists, new profile?" (new NotFoundError("Could not open the file at /var/folders/x9/wwqv3bs174n51_v9w6kf3ydc0000gn/T/rust_mozprofileapZT1Y/search.json.mozlz4", (void 0)))
DevTools listening on ws://localhost:58146/devtools/browser/7f282ad6-ec46-44da-8c88-215f35ef6fbc
1659543413976	Marionette	INFO	Stopped listening on port 58149
1659543485768	geckodriver	INFO	Listening on 127.0.0.1:58204
1659543485781	mozrunner::runner	INFO	Running command: "/Applications/Firefox.app/Contents/MacOS/firefox-bin" "--marionette" "-headless" "--remote-debugging-port" "58205" "-foreground" "-no-remote" "-profile" "/var/folders/x9/wwqv3bs174n51_v9w6kf3ydc0000gn/T/rust_mozprofileyuqFcI"
*** You are running in headless mode.
2022-08-03 12:18:05.983 plugin-container[22866:342243] nil host used in call to allowsSpecificHTTPSCertificateForHost
2022-08-03 12:18:05.984 plugin-container[22866:342243] nil host used in call to allowsAnyHTTPSCertificateForHost:
2022-08-03 12:18:05.985 plugin-container[22866:342243] nil host used in call to allowsSpecificHTTPSCertificateForHost
2022-08-03 12:18:05.986 plugin-container[22866:342243] nil host used in call to allowsAnyHTTPSCertificateForHost:
2022-08-03 12:18:05.986 plugin-container[22866:342244] nil host used in call to allowsSpecificHTTPSCertificateForHost
2022-08-03 12:18:05.986 plugin-container[22866:342244] nil host used in call to allowsAnyHTTPSCertificateForHost:
1659543485990	Marionette	INFO	Marionette enabled
1659543486000	Marionette	INFO	Listening on port 58209
WebDriver BiDi listening on ws://localhost:58205
1659543486135	RemoteAgent	WARN	TLS certificate errors will be ignored for this session
[GFX1-]: RenderCompositorSWGL failed mapping default framebuffer, no dt
console.warn: SearchSettings: "get: No settings file exists, new profile?" (new NotFoundError("Could not open the file at /var/folders/x9/wwqv3bs174n51_v9w6kf3ydc0000gn/T/rust_mozprofileyuqFcI/search.json.mozlz4", (void 0)))
DevTools listening on ws://localhost:58205/devtools/browser/e8d2ba39-3813-4849-a6b7-4828acbf7a01
1659543489308	Marionette	INFO	Stopped listening on port 58209
1659543937385	geckodriver	INFO	Listening on 127.0.0.1:58471
1659543937404	mozrunner::runner	INFO	Running command: "/Applications/Firefox.app/Contents/MacOS/firefox-bin" "--marionette" "-headless" "--remote-debugging-port" "58472" "-foreground" "-no-remote" "-profile" "/var/folders/x9/wwqv3bs174n51_v9w6kf3ydc0000gn/T/rust_mozprofileeTJjHi"
*** You are running in headless mode.
2022-08-03 12:25:37.602 plugin-container[26064:366118] nil host used in call to allowsSpecificHTTPSCertificateForHost
2022-08-03 12:25:37.602 plugin-container[26064:366118] nil host used in call to allowsAnyHTTPSCertificateForHost:
2022-08-03 12:25:37.604 plugin-container[26064:366118] nil host used in call to allowsSpecificHTTPSCertificateForHost
2022-08-03 12:25:37.604 plugin-container[26064:366118] nil host used in call to allowsAnyHTTPSCertificateForHost:
2022-08-03 12:25:37.604 plugin-container[26064:366124] nil host used in call to allowsSpecificHTTPSCertificateForHost
2022-08-03 12:25:37.604 plugin-container[26064:366124] nil host used in call to allowsAnyHTTPSCertificateForHost:
1659543937606	Marionette	INFO	Marionette enabled
1659543937613	Marionette	INFO	Listening on port 58475
WebDriver BiDi listening on ws://localhost:58472
1659543937728	RemoteAgent	WARN	TLS certificate errors will be ignored for this session
[GFX1-]: RenderCompositorSWGL failed mapping default framebuffer, no dt
console.warn: SearchSettings: "get: No settings file exists, new profile?" (new NotFoundError("Could not open the file at /var/folders/x9/wwqv3bs174n51_v9w6kf3ydc0000gn/T/rust_mozprofileeTJjHi/search.json.mozlz4", (void 0)))
DevTools listening on ws://localhost:58472/devtools/browser/c003e5c4-eaf6-4aef-bf83-e2be73d3fe8b
1659543940759	Marionette	INFO	Stopped listening on port 58475
1659543984976	geckodriver	INFO	Listening on 127.0.0.1:58524
1659543984993	mozrunner::runner	INFO	Running command: "/Applications/Firefox.app/Contents/MacOS/firefox-bin" "--marionette" "-headless" "--remote-debugging-port" "58525" "-foreground" "-no-remote" "-profile" "/var/folders/x9/wwqv3bs174n51_v9w6kf3ydc0000gn/T/rust_mozprofilel94vm5"
*** You are running in headless mode.
2022-08-03 12:26:25.192 plugin-container[26107:366773] nil host used in call to allowsSpecificHTTPSCertificateForHost
2022-08-03 12:26:25.192 plugin-container[26107:366773] nil host used in call to allowsAnyHTTPSCertificateForHost:
1659543985193	Marionette	INFO	Marionette enabled
2022-08-03 12:26:25.194 plugin-container[26107:366773] nil host used in call to allowsSpecificHTTPSCertificateForHost
2022-08-03 12:26:25.194 plugin-container[26107:366773] nil host used in call to allowsAnyHTTPSCertificateForHost:
2022-08-03 12:26:25.195 plugin-container[26107:366799] nil host used in call to allowsSpecificHTTPSCertificateForHost
2022-08-03 12:26:25.195 plugin-container[26107:366799] nil host used in call to allowsAnyHTTPSCertificateForHost:
1659543985200	Marionette	INFO	Listening on port 58528
WebDriver BiDi listening on ws://localhost:58525
1659543985317	RemoteAgent	WARN	TLS certificate errors will be ignored for this session
[GFX1-]: RenderCompositorSWGL failed mapping default framebuffer, no dt
console.warn: SearchSettings: "get: No settings file exists, new profile?" (new NotFoundError("Could not open the file at /var/folders/x9/wwqv3bs174n51_v9w6kf3ydc0000gn/T/rust_mozprofilel94vm5/search.json.mozlz4", (void 0)))
DevTools listening on ws://localhost:58525/devtools/browser/18154ac9-f816-47b2-a779-bfc87b9e38da
1659543988294	Marionette	INFO	Stopped listening on port 58528
1659544019463	geckodriver	INFO	Listening on 127.0.0.1:58581
1659544019482	mozrunner::runner	INFO	Running command: "/Applications/Firefox.app/Contents/MacOS/firefox-bin" "--marionette" "-headless" "--remote-debugging-port" "58582" "-foreground" "-no-remote" "-profile" "/var/folders/x9/wwqv3bs174n51_v9w6kf3ydc0000gn/T/rust_mozprofileDBQOSx"
*** You are running in headless mode.
2022-08-03 12:26:59.677 plugin-container[26152:367372] nil host used in call to allowsSpecificHTTPSCertificateForHost
2022-08-03 12:26:59.677 plugin-container[26152:367372] nil host used in call to allowsAnyHTTPSCertificateForHost:
2022-08-03 12:26:59.679 plugin-container[26152:367372] nil host used in call to allowsSpecificHTTPSCertificateForHost
2022-08-03 12:26:59.679 plugin-container[26152:367372] nil host used in call to allowsAnyHTTPSCertificateForHost:
2022-08-03 12:26:59.679 plugin-container[26152:367396] nil host used in call to allowsSpecificHTTPSCertificateForHost
2022-08-03 12:26:59.679 plugin-container[26152:367396] nil host used in call to allowsAnyHTTPSCertificateForHost:
1659544019682	Marionette	INFO	Marionette enabled
1659544019689	Marionette	INFO	Listening on port 58585
WebDriver BiDi listening on ws://localhost:58582
1659544019802	RemoteAgent	WARN	TLS certificate errors will be ignored for this session
[GFX1-]: RenderCompositorSWGL failed mapping default framebuffer, no dt
console.warn: SearchSettings: "get: No settings file exists, new profile?" (new NotFoundError("Could not open the file at /var/folders/x9/wwqv3bs174n51_v9w6kf3ydc0000gn/T/rust_mozprofileDBQOSx/search.json.mozlz4", (void 0)))
DevTools listening on ws://localhost:58582/devtools/browser/b2852b3b-1cb2-4bda-8488-892194d2aa93
1659544023088	Marionette	INFO	Stopped listening on port 58585
JavaScript error: resource://services-settings/RemoteSettingsWorker.jsm, line 145: Error: Shutdown, aborting read-only worker requests.
1659544118122	geckodriver	INFO	Listening on 127.0.0.1:58649
1659544118142	mozrunner::runner	INFO	Running command: "/Applications/Firefox.app/Contents/MacOS/firefox-bin" "--marionette" "-headless" "--remote-debugging-port" "58650" "-foreground" "-no-remote" "-profile" "/var/folders/x9/wwqv3bs174n51_v9w6kf3ydc0000gn/T/rust_mozprofileqRVl14"
*** You are running in headless mode.
2022-08-03 12:28:38.340 plugin-container[26197:368523] nil host used in call to allowsSpecificHTTPSCertificateForHost
2022-08-03 12:28:38.340 plugin-container[26197:368523] nil host used in call to allowsAnyHTTPSCertificateForHost:
2022-08-03 12:28:38.342 plugin-container[26197:368523] nil host used in call to allowsSpecificHTTPSCertificateForHost
2022-08-03 12:28:38.342 plugin-container[26197:368523] nil host used in call to allowsAnyHTTPSCertificateForHost:
2022-08-03 12:28:38.342 plugin-container[26197:368525] nil host used in call to allowsSpecificHTTPSCertificateForHost
2022-08-03 12:28:38.342 plugin-container[26197:368525] nil host used in call to allowsAnyHTTPSCertificateForHost:
1659544118344	Marionette	INFO	Marionette enabled
1659544118351	Marionette	INFO	Listening on port 58653
WebDriver BiDi listening on ws://localhost:58650
1659544118521	RemoteAgent	WARN	TLS certificate errors will be ignored for this session
[GFX1-]: RenderCompositorSWGL failed mapping default framebuffer, no dt
console.warn: SearchSettings: "get: No settings file exists, new profile?" (new NotFoundError("Could not open the file at /var/folders/x9/wwqv3bs174n51_v9w6kf3ydc0000gn/T/rust_mozprofileqRVl14/search.json.mozlz4", (void 0)))
DevTools listening on ws://localhost:58650/devtools/browser/e3032c29-cb69-4db6-bf85-631128cc5c1f
1659544121624	Marionette	INFO	Stopped listening on port 58653
1659544149553	geckodriver	INFO	Listening on 127.0.0.1:58707
1659544149571	mozrunner::runner	INFO	Running command: "/Applications/Firefox.app/Contents/MacOS/firefox-bin" "--marionette" "-headless" "--remote-debugging-port" "58708" "-foreground" "-no-remote" "-profile" "/var/folders/x9/wwqv3bs174n51_v9w6kf3ydc0000gn/T/rust_mozprofiledCF04j"
*** You are running in headless mode.
2022-08-03 12:29:09.766 plugin-container[26244:369119] nil host used in call to allowsSpecificHTTPSCertificateForHost
2022-08-03 12:29:09.766 plugin-container[26244:369119] nil host used in call to allowsAnyHTTPSCertificateForHost:
2022-08-03 12:29:09.767 plugin-container[26244:369119] nil host used in call to allowsSpecificHTTPSCertificateForHost
2022-08-03 12:29:09.767 plugin-container[26244:369119] nil host used in call to allowsAnyHTTPSCertificateForHost:
2022-08-03 12:29:09.767 plugin-container[26244:369126] nil host used in call to allowsSpecificHTTPSCertificateForHost
2022-08-03 12:29:09.767 plugin-container[26244:369126] nil host used in call to allowsAnyHTTPSCertificateForHost:
1659544149769	Marionette	INFO	Marionette enabled
1659544149776	Marionette	INFO	Listening on port 58711
WebDriver BiDi listening on ws://localhost:58708
1659544149892	RemoteAgent	WARN	TLS certificate errors will be ignored for this session
[GFX1-]: RenderCompositorSWGL failed mapping default framebuffer, no dt
console.warn: SearchSettings: "get: No settings file exists, new profile?" (new NotFoundError("Could not open the file at /var/folders/x9/wwqv3bs174n51_v9w6kf3ydc0000gn/T/rust_mozprofiledCF04j/search.json.mozlz4", (void 0)))
DevTools listening on ws://localhost:58708/devtools/browser/bb5abf9e-e03e-42ee-b8a1-75c505d8d072
1659544152949	Marionette	INFO	Stopped listening on port 58711
1659544202301	geckodriver	INFO	Listening on 127.0.0.1:58771
1659544202334	mozrunner::runner	INFO	Running command: "/Applications/Firefox.app/Contents/MacOS/firefox-bin" "--marionette" "-headless" "--remote-debugging-port" "58772" "-foreground" "-no-remote" "-profile" "/var/folders/x9/wwqv3bs174n51_v9w6kf3ydc0000gn/T/rust_mozprofileIdQfvp"
*** You are running in headless mode.
2022-08-03 12:30:02.528 plugin-container[26296:369990] nil host used in call to allowsSpecificHTTPSCertificateForHost
2022-08-03 12:30:02.529 plugin-container[26296:369990] nil host used in call to allowsAnyHTTPSCertificateForHost:
2022-08-03 12:30:02.530 plugin-container[26296:369990] nil host used in call to allowsSpecificHTTPSCertificateForHost
2022-08-03 12:30:02.530 plugin-container[26296:369990] nil host used in call to allowsAnyHTTPSCertificateForHost:
2022-08-03 12:30:02.531 plugin-container[26296:369992] nil host used in call to allowsSpecificHTTPSCertificateForHost
1659544202531	Marionette	INFO	Marionette enabled
2022-08-03 12:30:02.531 plugin-container[26296:369992] nil host used in call to allowsAnyHTTPSCertificateForHost:
1659544202537	Marionette	INFO	Listening on port 58775
WebDriver BiDi listening on ws://localhost:58772
1659544202651	RemoteAgent	WARN	TLS certificate errors will be ignored for this session
[GFX1-]: RenderCompositorSWGL failed mapping default framebuffer, no dt
console.warn: SearchSettings: "get: No settings file exists, new profile?" (new NotFoundError("Could not open the file at /var/folders/x9/wwqv3bs174n51_v9w6kf3ydc0000gn/T/rust_mozprofileIdQfvp/search.json.mozlz4", (void 0)))
DevTools listening on ws://localhost:58772/devtools/browser/b20868e9-95fa-49df-8163-70bb9e213da7
1659544205772	Marionette	INFO	Stopped listening on port 58775
1659544241458	geckodriver	INFO	Listening on 127.0.0.1:58838
1659544241477	mozrunner::runner	INFO	Running command: "/Applications/Firefox.app/Contents/MacOS/firefox-bin" "--marionette" "-headless" "--remote-debugging-port" "58839" "-foreground" "-no-remote" "-profile" "/var/folders/x9/wwqv3bs174n51_v9w6kf3ydc0000gn/T/rust_mozprofile9OrhDT"
*** You are running in headless mode.
2022-08-03 12:30:41.672 plugin-container[26343:370774] nil host used in call to allowsSpecificHTTPSCertificateForHost
2022-08-03 12:30:41.673 plugin-container[26343:370774] nil host used in call to allowsAnyHTTPSCertificateForHost:
2022-08-03 12:30:41.674 plugin-container[26343:370774] nil host used in call to allowsSpecificHTTPSCertificateForHost
2022-08-03 12:30:41.674 plugin-container[26343:370774] nil host used in call to allowsAnyHTTPSCertificateForHost:
2022-08-03 12:30:41.675 plugin-container[26343:370772] nil host used in call to allowsSpecificHTTPSCertificateForHost
2022-08-03 12:30:41.675 plugin-container[26343:370772] nil host used in call to allowsAnyHTTPSCertificateForHost:
1659544241678	Marionette	INFO	Marionette enabled
1659544241685	Marionette	INFO	Listening on port 58842
WebDriver BiDi listening on ws://localhost:58839
1659544241796	RemoteAgent	WARN	TLS certificate errors will be ignored for this session
[GFX1-]: RenderCompositorSWGL failed mapping default framebuffer, no dt
console.warn: SearchSettings: "get: No settings file exists, new profile?" (new NotFoundError("Could not open the file at /var/folders/x9/wwqv3bs174n51_v9w6kf3ydc0000gn/T/rust_mozprofile9OrhDT/search.json.mozlz4", (void 0)))
DevTools listening on ws://localhost:58839/devtools/browser/719dbc76-0301-4272-91b7-fd06c6f18f9e
1659544246469	Marionette	INFO	Stopped listening on port 58842
1659544287209	geckodriver	INFO	Listening on 127.0.0.1:58898
1659544287229	mozrunner::runner	INFO	Running command: "/Applications/Firefox.app/Contents/MacOS/firefox-bin" "--marionette" "-headless" "--remote-debugging-port" "58899" "-foreground" "-no-remote" "-profile" "/var/folders/x9/wwqv3bs174n51_v9w6kf3ydc0000gn/T/rust_mozprofilerAwJ6E"
*** You are running in headless mode.
2022-08-03 12:31:27.435 plugin-container[26387:371411] nil host used in call to allowsSpecificHTTPSCertificateForHost
2022-08-03 12:31:27.435 plugin-container[26387:371411] nil host used in call to allowsAnyHTTPSCertificateForHost:
2022-08-03 12:31:27.437 plugin-container[26387:371411] nil host used in call to allowsSpecificHTTPSCertificateForHost
2022-08-03 12:31:27.437 plugin-container[26387:371411] nil host used in call to allowsAnyHTTPSCertificateForHost:
2022-08-03 12:31:27.437 plugin-container[26387:371419] nil host used in call to allowsSpecificHTTPSCertificateForHost
2022-08-03 12:31:27.437 plugin-container[26387:371419] nil host used in call to allowsAnyHTTPSCertificateForHost:
1659544287437	Marionette	INFO	Marionette enabled
1659544287444	Marionette	INFO	Listening on port 58902
WebDriver BiDi listening on ws://localhost:58899
1659544287566	RemoteAgent	WARN	TLS certificate errors will be ignored for this session
[GFX1-]: RenderCompositorSWGL failed mapping default framebuffer, no dt
console.warn: SearchSettings: "get: No settings file exists, new profile?" (new NotFoundError("Could not open the file at /var/folders/x9/wwqv3bs174n51_v9w6kf3ydc0000gn/T/rust_mozprofilerAwJ6E/search.json.mozlz4", (void 0)))
DevTools listening on ws://localhost:58899/devtools/browser/6906dfbb-c276-4560-b227-289ea533e114
1659544293158	Marionette	INFO	Stopped listening on port 58902
1659544324161	geckodriver	INFO	Listening on 127.0.0.1:58958
1659544324180	mozrunner::runner	INFO	Running command: "/Applications/Firefox.app/Contents/MacOS/firefox-bin" "--marionette" "-headless" "--remote-debugging-port" "58959" "-foreground" "-no-remote" "-profile" "/var/folders/x9/wwqv3bs174n51_v9w6kf3ydc0000gn/T/rust_mozprofile87zERB"
*** You are running in headless mode.
2022-08-03 12:32:04.377 plugin-container[26430:372086] nil host used in call to allowsSpecificHTTPSCertificateForHost
2022-08-03 12:32:04.378 plugin-container[26430:372086] nil host used in call to allowsAnyHTTPSCertificateForHost:
2022-08-03 12:32:04.379 plugin-container[26430:372086] nil host used in call to allowsSpecificHTTPSCertificateForHost
2022-08-03 12:32:04.379 plugin-container[26430:372086] nil host used in call to allowsAnyHTTPSCertificateForHost:
1659544324379	Marionette	INFO	Marionette enabled
2022-08-03 12:32:04.379 plugin-container[26430:372084] nil host used in call to allowsSpecificHTTPSCertificateForHost
2022-08-03 12:32:04.379 plugin-container[26430:372084] nil host used in call to allowsAnyHTTPSCertificateForHost:
1659544324386	Marionette	INFO	Listening on port 58962
WebDriver BiDi listening on ws://localhost:58959
1659544324499	RemoteAgent	WARN	TLS certificate errors will be ignored for this session
[GFX1-]: RenderCompositorSWGL failed mapping default framebuffer, no dt
console.warn: SearchSettings: "get: No settings file exists, new profile?" (new NotFoundError("Could not open the file at /var/folders/x9/wwqv3bs174n51_v9w6kf3ydc0000gn/T/rust_mozprofile87zERB/search.json.mozlz4", (void 0)))
DevTools listening on ws://localhost:58959/devtools/browser/41bbb1be-c3a3-4469-a5c5-ec5a3dea39d2
1659544327657	Marionette	INFO	Stopped listening on port 58962
JavaScript error: resource://services-settings/RemoteSettingsWorker.jsm, line 145: Error: Shutdown, aborting read-only worker requests.
1659544460482	geckodriver	INFO	Listening on 127.0.0.1:59023
1659544460500	mozrunner::runner	INFO	Running command: "/Applications/Firefox.app/Contents/MacOS/firefox-bin" "--marionette" "-headless" "--remote-debugging-port" "59024" "-foreground" "-no-remote" "-profile" "/var/folders/x9/wwqv3bs174n51_v9w6kf3ydc0000gn/T/rust_mozprofiledHG81f"
*** You are running in headless mode.
2022-08-03 12:34:20.703 plugin-container[26479:373245] nil host used in call to allowsSpecificHTTPSCertificateForHost
2022-08-03 12:34:20.703 plugin-container[26479:373245] nil host used in call to allowsAnyHTTPSCertificateForHost:
1659544460704	Marionette	INFO	Marionette enabled
2022-08-03 12:34:20.705 plugin-container[26479:373245] nil host used in call to allowsSpecificHTTPSCertificateForHost
2022-08-03 12:34:20.705 plugin-container[26479:373245] nil host used in call to allowsAnyHTTPSCertificateForHost:
2022-08-03 12:34:20.705 plugin-container[26479:373269] nil host used in call to allowsSpecificHTTPSCertificateForHost
2022-08-03 12:34:20.705 plugin-container[26479:373269] nil host used in call to allowsAnyHTTPSCertificateForHost:
1659544460711	Marionette	INFO	Listening on port 59027
WebDriver BiDi listening on ws://localhost:59024
1659544460872	RemoteAgent	WARN	TLS certificate errors will be ignored for this session
[GFX1-]: RenderCompositorSWGL failed mapping default framebuffer, no dt
console.warn: SearchSettings: "get: No settings file exists, new profile?" (new NotFoundError("Could not open the file at /var/folders/x9/wwqv3bs174n51_v9w6kf3ydc0000gn/T/rust_mozprofiledHG81f/search.json.mozlz4", (void 0)))
DevTools listening on ws://localhost:59024/devtools/browser/c339b72d-019d-424b-8a59-a42855e6095d
1659544463890	Marionette	INFO	Stopped listening on port 59027
1659544534605	geckodriver	INFO	Listening on 127.0.0.1:59087
1659544534624	mozrunner::runner	INFO	Running command: "/Applications/Firefox.app/Contents/MacOS/firefox-bin" "--marionette" "-headless" "--remote-debugging-port" "59088" "-foreground" "-no-remote" "-profile" "/var/folders/x9/wwqv3bs174n51_v9w6kf3ydc0000gn/T/rust_mozprofilewYCXTk"
*** You are running in headless mode.
2022-08-03 12:35:34.815 plugin-container[26533:374173] nil host used in call to allowsSpecificHTTPSCertificateForHost
2022-08-03 12:35:34.815 plugin-container[26533:374173] nil host used in call to allowsAnyHTTPSCertificateForHost:
2022-08-03 12:35:34.817 plugin-container[26533:374173] nil host used in call to allowsSpecificHTTPSCertificateForHost
2022-08-03 12:35:34.817 plugin-container[26533:374173] nil host used in call to allowsAnyHTTPSCertificateForHost:
2022-08-03 12:35:34.818 plugin-container[26533:374180] nil host used in call to allowsSpecificHTTPSCertificateForHost
2022-08-03 12:35:34.818 plugin-container[26533:374180] nil host used in call to allowsAnyHTTPSCertificateForHost:
1659544534819	Marionette	INFO	Marionette enabled
1659544534826	Marionette	INFO	Listening on port 59091
WebDriver BiDi listening on ws://localhost:59088
1659544534943	RemoteAgent	WARN	TLS certificate errors will be ignored for this session
[GFX1-]: RenderCompositorSWGL failed mapping default framebuffer, no dt
console.warn: SearchSettings: "get: No settings file exists, new profile?" (new NotFoundError("Could not open the file at /var/folders/x9/wwqv3bs174n51_v9w6kf3ydc0000gn/T/rust_mozprofilewYCXTk/search.json.mozlz4", (void 0)))
DevTools listening on ws://localhost:59088/devtools/browser/8dfc5519-bdca-4d9e-a699-06ef42e5b4d0
1659544538144	Marionette	INFO	Stopped listening on port 59091
1659544548734	geckodriver	INFO	Listening on 127.0.0.1:59139
1659544548753	mozrunner::runner	INFO	Running command: "/Applications/Firefox.app/Contents/MacOS/firefox-bin" "--marionette" "-headless" "--remote-debugging-port" "59140" "-foreground" "-no-remote" "-profile" "/var/folders/x9/wwqv3bs174n51_v9w6kf3ydc0000gn/T/rust_mozprofilewlL5g9"
*** You are running in headless mode.
2022-08-03 12:35:48.950 plugin-container[26574:374673] nil host used in call to allowsSpecificHTTPSCertificateForHost
2022-08-03 12:35:48.950 plugin-container[26574:374673] nil host used in call to allowsAnyHTTPSCertificateForHost:
1659544548952	Marionette	INFO	Marionette enabled
2022-08-03 12:35:48.952 plugin-container[26574:374673] nil host used in call to allowsSpecificHTTPSCertificateForHost
2022-08-03 12:35:48.952 plugin-container[26574:374673] nil host used in call to allowsAnyHTTPSCertificateForHost:
2022-08-03 12:35:48.952 plugin-container[26574:374699] nil host used in call to allowsSpecificHTTPSCertificateForHost
2022-08-03 12:35:48.952 plugin-container[26574:374699] nil host used in call to allowsAnyHTTPSCertificateForHost:
1659544548959	Marionette	INFO	Listening on port 59143
WebDriver BiDi listening on ws://localhost:59140
1659544549075	RemoteAgent	WARN	TLS certificate errors will be ignored for this session
[GFX1-]: RenderCompositorSWGL failed mapping default framebuffer, no dt
console.warn: SearchSettings: "get: No settings file exists, new profile?" (new NotFoundError("Could not open the file at /var/folders/x9/wwqv3bs174n51_v9w6kf3ydc0000gn/T/rust_mozprofilewlL5g9/search.json.mozlz4", (void 0)))
DevTools listening on ws://localhost:59140/devtools/browser/8791b710-a99b-4af0-9856-9acd54efa87c
1659544552197	Marionette	INFO	Stopped listening on port 59143
1659544589350	geckodriver	INFO	Listening on 127.0.0.1:59198
1659544589369	mozrunner::runner	INFO	Running command: "/Applications/Firefox.app/Contents/MacOS/firefox-bin" "--marionette" "-headless" "--remote-debugging-port" "59199" "-foreground" "-no-remote" "-profile" "/var/folders/x9/wwqv3bs174n51_v9w6kf3ydc0000gn/T/rust_mozprofilefbCjbZ"
*** You are running in headless mode.
2022-08-03 12:36:29.566 plugin-container[26618:375276] nil host used in call to allowsSpecificHTTPSCertificateForHost
2022-08-03 12:36:29.566 plugin-container[26618:375276] nil host used in call to allowsAnyHTTPSCertificateForHost:
2022-08-03 12:36:29.568 plugin-container[26618:375276] nil host used in call to allowsSpecificHTTPSCertificateForHost
2022-08-03 12:36:29.568 plugin-container[26618:375276] nil host used in call to allowsAnyHTTPSCertificateForHost:
2022-08-03 12:36:29.568 plugin-container[26618:375284] nil host used in call to allowsSpecificHTTPSCertificateForHost
2022-08-03 12:36:29.568 plugin-container[26618:375284] nil host used in call to allowsAnyHTTPSCertificateForHost:
1659544589570	Marionette	INFO	Marionette enabled
1659544589577	Marionette	INFO	Listening on port 59202
WebDriver BiDi listening on ws://localhost:59199
1659544589692	RemoteAgent	WARN	TLS certificate errors will be ignored for this session
[GFX1-]: RenderCompositorSWGL failed mapping default framebuffer, no dt
console.warn: SearchSettings: "get: No settings file exists, new profile?" (new NotFoundError("Could not open the file at /var/folders/x9/wwqv3bs174n51_v9w6kf3ydc0000gn/T/rust_mozprofilefbCjbZ/search.json.mozlz4", (void 0)))
DevTools listening on ws://localhost:59199/devtools/browser/2557771d-5b64-4c76-87ac-17d750cae9bb
1659544592733	Marionette	INFO	Stopped listening on port 59202
1659544696636	geckodriver	INFO	Listening on 127.0.0.1:59263
1659544696671	mozrunner::runner	INFO	Running command: "/Applications/Firefox.app/Contents/MacOS/firefox-bin" "--marionette" "-headless" "--remote-debugging-port" "59264" "-foreground" "-no-remote" "-profile" "/var/folders/x9/wwqv3bs174n51_v9w6kf3ydc0000gn/T/rust_mozprofiled353hP"
*** You are running in headless mode.
1659544696867	Marionette	INFO	Marionette enabled
2022-08-03 12:38:16.867 plugin-container[26666:376214] nil host used in call to allowsSpecificHTTPSCertificateForHost
2022-08-03 12:38:16.868 plugin-container[26666:376214] nil host used in call to allowsAnyHTTPSCertificateForHost:
2022-08-03 12:38:16.869 plugin-container[26666:376214] nil host used in call to allowsSpecificHTTPSCertificateForHost
2022-08-03 12:38:16.869 plugin-container[26666:376214] nil host used in call to allowsAnyHTTPSCertificateForHost:
2022-08-03 12:38:16.870 plugin-container[26666:376236] nil host used in call to allowsSpecificHTTPSCertificateForHost
2022-08-03 12:38:16.870 plugin-container[26666:376236] nil host used in call to allowsAnyHTTPSCertificateForHost:
1659544696874	Marionette	INFO	Listening on port 59267
WebDriver BiDi listening on ws://localhost:59264
1659544696992	RemoteAgent	WARN	TLS certificate errors will be ignored for this session
[GFX1-]: RenderCompositorSWGL failed mapping default framebuffer, no dt
console.warn: SearchSettings: "get: No settings file exists, new profile?" (new NotFoundError("Could not open the file at /var/folders/x9/wwqv3bs174n51_v9w6kf3ydc0000gn/T/rust_mozprofiled353hP/search.json.mozlz4", (void 0)))
DevTools listening on ws://localhost:59264/devtools/browser/b2ba63c5-a0da-48c8-86d9-3f192a0418d8
1659544700892	Marionette	INFO	Stopped listening on port 59267
1659544767042	geckodriver	INFO	Listening on 127.0.0.1:59319
1659544767061	mozrunner::runner	INFO	Running command: "/Applications/Firefox.app/Contents/MacOS/firefox-bin" "--marionette" "-headless" "--remote-debugging-port" "59320" "-foreground" "-no-remote" "-profile" "/var/folders/x9/wwqv3bs174n51_v9w6kf3ydc0000gn/T/rust_mozprofilejvld4B"
*** You are running in headless mode.
1659544767268	Marionette	INFO	Marionette enabled
2022-08-03 12:39:27.268 plugin-container[26713:377001] nil host used in call to allowsSpecificHTTPSCertificateForHost
2022-08-03 12:39:27.268 plugin-container[26713:377001] nil host used in call to allowsAnyHTTPSCertificateForHost:
2022-08-03 12:39:27.270 plugin-container[26713:377001] nil host used in call to allowsSpecificHTTPSCertificateForHost
2022-08-03 12:39:27.270 plugin-container[26713:377001] nil host used in call to allowsAnyHTTPSCertificateForHost:
2022-08-03 12:39:27.270 plugin-container[26713:376999] nil host used in call to allowsSpecificHTTPSCertificateForHost
2022-08-03 12:39:27.270 plugin-container[26713:376999] nil host used in call to allowsAnyHTTPSCertificateForHost:
1659544767274	Marionette	INFO	Listening on port 59323
WebDriver BiDi listening on ws://localhost:59320
1659544767398	RemoteAgent	WARN	TLS certificate errors will be ignored for this session
[GFX1-]: RenderCompositorSWGL failed mapping default framebuffer, no dt
console.warn: SearchSettings: "get: No settings file exists, new profile?" (new NotFoundError("Could not open the file at /var/folders/x9/wwqv3bs174n51_v9w6kf3ydc0000gn/T/rust_mozprofilejvld4B/search.json.mozlz4", (void 0)))
DevTools listening on ws://localhost:59320/devtools/browser/7be8b3c8-e4cd-4522-b211-16330a000251
1659544770437	Marionette	INFO	Stopped listening on port 59323
JavaScript error: resource://services-settings/RemoteSettingsWorker.jsm, line 145: Error: Shutdown, aborting read-only worker requests.
1659544904562	geckodriver	INFO	Listening on 127.0.0.1:59389
1659544904580	mozrunner::runner	INFO	Running command: "/Applications/Firefox.app/Contents/MacOS/firefox-bin" "--marionette" "-headless" "--remote-debugging-port" "59390" "-foreground" "-no-remote" "-profile" "/var/folders/x9/wwqv3bs174n51_v9w6kf3ydc0000gn/T/rust_mozprofile26ZkVm"
*** You are running in headless mode.
2022-08-03 12:41:44.777 plugin-container[26761:378165] nil host used in call to allowsSpecificHTTPSCertificateForHost
2022-08-03 12:41:44.777 plugin-container[26761:378165] nil host used in call to allowsAnyHTTPSCertificateForHost:
2022-08-03 12:41:44.779 plugin-container[26761:378165] nil host used in call to allowsSpecificHTTPSCertificateForHost
2022-08-03 12:41:44.779 plugin-container[26761:378165] nil host used in call to allowsAnyHTTPSCertificateForHost:
2022-08-03 12:41:44.779 plugin-container[26761:378163] nil host used in call to allowsSpecificHTTPSCertificateForHost
2022-08-03 12:41:44.779 plugin-container[26761:378163] nil host used in call to allowsAnyHTTPSCertificateForHost:
1659544904782	Marionette	INFO	Marionette enabled
1659544904788	Marionette	INFO	Listening on port 59393
WebDriver BiDi listening on ws://localhost:59390
1659544904904	RemoteAgent	WARN	TLS certificate errors will be ignored for this session
[GFX1-]: RenderCompositorSWGL failed mapping default framebuffer, no dt
console.warn: SearchSettings: "get: No settings file exists, new profile?" (new NotFoundError("Could not open the file at /var/folders/x9/wwqv3bs174n51_v9w6kf3ydc0000gn/T/rust_mozprofile26ZkVm/search.json.mozlz4", (void 0)))
DevTools listening on ws://localhost:59390/devtools/browser/9935f0d8-64f4-4261-9491-c2579f77b17c
1659544907878	Marionette	INFO	Stopped listening on port 59393
1659544975683	geckodriver	INFO	Listening on 127.0.0.1:59454
1659544975718	mozrunner::runner	INFO	Running command: "/Applications/Firefox.app/Contents/MacOS/firefox-bin" "--marionette" "-headless" "--remote-debugging-port" "59455" "-foreground" "-no-remote" "-profile" "/var/folders/x9/wwqv3bs174n51_v9w6kf3ydc0000gn/T/rust_mozprofiletjuhtt"
*** You are running in headless mode.
2022-08-03 12:42:55.914 plugin-container[26807:378946] nil host used in call to allowsSpecificHTTPSCertificateForHost
2022-08-03 12:42:55.914 plugin-container[26807:378946] nil host used in call to allowsAnyHTTPSCertificateForHost:
2022-08-03 12:42:55.915 plugin-container[26807:378946] nil host used in call to allowsSpecificHTTPSCertificateForHost
2022-08-03 12:42:55.915 plugin-container[26807:378946] nil host used in call to allowsAnyHTTPSCertificateForHost:
2022-08-03 12:42:55.916 plugin-container[26807:378976] nil host used in call to allowsSpecificHTTPSCertificateForHost
2022-08-03 12:42:55.916 plugin-container[26807:378976] nil host used in call to allowsAnyHTTPSCertificateForHost:
1659544975917	Marionette	INFO	Marionette enabled
1659544975924	Marionette	INFO	Listening on port 59458
WebDriver BiDi listening on ws://localhost:59455
1659544976040	RemoteAgent	WARN	TLS certificate errors will be ignored for this session
[GFX1-]: RenderCompositorSWGL failed mapping default framebuffer, no dt
console.warn: SearchSettings: "get: No settings file exists, new profile?" (new NotFoundError("Could not open the file at /var/folders/x9/wwqv3bs174n51_v9w6kf3ydc0000gn/T/rust_mozprofiletjuhtt/search.json.mozlz4", (void 0)))
DevTools listening on ws://localhost:59455/devtools/browser/f3015343-e5e9-4c28-ae19-37ae783832ee
1659544979026	Marionette	INFO	Stopped listening on port 59458
1659545072434	geckodriver	INFO	Listening on 127.0.0.1:59543
1659545072455	mozrunner::runner	INFO	Running command: "/Applications/Firefox.app/Contents/MacOS/firefox-bin" "--marionette" "-headless" "--remote-debugging-port" "59544" "-foreground" "-no-remote" "-profile" "/var/folders/x9/wwqv3bs174n51_v9w6kf3ydc0000gn/T/rust_mozprofilegiXs60"
*** You are running in headless mode.
2022-08-03 12:44:32.655 plugin-container[26856:380143] nil host used in call to allowsSpecificHTTPSCertificateForHost
2022-08-03 12:44:32.655 plugin-container[26856:380143] nil host used in call to allowsAnyHTTPSCertificateForHost:
2022-08-03 12:44:32.657 plugin-container[26856:380143] nil host used in call to allowsSpecificHTTPSCertificateForHost
2022-08-03 12:44:32.657 plugin-container[26856:380143] nil host used in call to allowsAnyHTTPSCertificateForHost:
2022-08-03 12:44:32.657 plugin-container[26856:380168] nil host used in call to allowsSpecificHTTPSCertificateForHost
2022-08-03 12:44:32.657 plugin-container[26856:380168] nil host used in call to allowsAnyHTTPSCertificateForHost:
1659545072658	Marionette	INFO	Marionette enabled
1659545072665	Marionette	INFO	Listening on port 59547
WebDriver BiDi listening on ws://localhost:59544
1659545072826	RemoteAgent	WARN	TLS certificate errors will be ignored for this session
[GFX1-]: RenderCompositorSWGL failed mapping default framebuffer, no dt
console.warn: SearchSettings: "get: No settings file exists, new profile?" (new NotFoundError("Could not open the file at /var/folders/x9/wwqv3bs174n51_v9w6kf3ydc0000gn/T/rust_mozprofilegiXs60/search.json.mozlz4", (void 0)))
DevTools listening on ws://localhost:59544/devtools/browser/b3607570-a6ff-4df6-a259-37268fc4f499
1659545076059	Marionette	INFO	Stopped listening on port 59547
1659545113819	geckodriver	INFO	Listening on 127.0.0.1:59603
1659545113837	mozrunner::runner	INFO	Running command: "/Applications/Firefox.app/Contents/MacOS/firefox-bin" "--marionette" "-headless" "--remote-debugging-port" "59604" "-foreground" "-no-remote" "-profile" "/var/folders/x9/wwqv3bs174n51_v9w6kf3ydc0000gn/T/rust_mozprofileXtyApW"
*** You are running in headless mode.
2022-08-03 12:45:14.030 plugin-container[26900:380794] nil host used in call to allowsSpecificHTTPSCertificateForHost
2022-08-03 12:45:14.030 plugin-container[26900:380794] nil host used in call to allowsAnyHTTPSCertificateForHost:
2022-08-03 12:45:14.032 plugin-container[26900:380794] nil host used in call to allowsSpecificHTTPSCertificateForHost
2022-08-03 12:45:14.032 plugin-container[26900:380794] nil host used in call to allowsAnyHTTPSCertificateForHost:
2022-08-03 12:45:14.032 plugin-container[26900:380818] nil host used in call to allowsSpecificHTTPSCertificateForHost
2022-08-03 12:45:14.032 plugin-container[26900:380818] nil host used in call to allowsAnyHTTPSCertificateForHost:
1659545114034	Marionette	INFO	Marionette enabled
1659545114041	Marionette	INFO	Listening on port 59607
WebDriver BiDi listening on ws://localhost:59604
1659545114157	RemoteAgent	WARN	TLS certificate errors will be ignored for this session
[GFX1-]: RenderCompositorSWGL failed mapping default framebuffer, no dt
console.warn: SearchSettings: "get: No settings file exists, new profile?" (new NotFoundError("Could not open the file at /var/folders/x9/wwqv3bs174n51_v9w6kf3ydc0000gn/T/rust_mozprofileXtyApW/search.json.mozlz4", (void 0)))
DevTools listening on ws://localhost:59604/devtools/browser/7f005bc7-7b66-4ee6-b1a4-73287fa152e0
1659545117154	Marionette	INFO	Stopped listening on port 59607
1659545157375	geckodriver	INFO	Listening on 127.0.0.1:59655
1659545157393	mozrunner::runner	INFO	Running command: "/Applications/Firefox.app/Contents/MacOS/firefox-bin" "--marionette" "-headless" "--remote-debugging-port" "59656" "-foreground" "-no-remote" "-profile" "/var/folders/x9/wwqv3bs174n51_v9w6kf3ydc0000gn/T/rust_mozprofile8wCzTF"
*** You are running in headless mode.
1659545157593	Marionette	INFO	Marionette enabled
2022-08-03 12:45:57.593 plugin-container[26942:381393] nil host used in call to allowsSpecificHTTPSCertificateForHost
2022-08-03 12:45:57.593 plugin-container[26942:381393] nil host used in call to allowsAnyHTTPSCertificateForHost:
2022-08-03 12:45:57.595 plugin-container[26942:381393] nil host used in call to allowsSpecificHTTPSCertificateForHost
2022-08-03 12:45:57.595 plugin-container[26942:381393] nil host used in call to allowsAnyHTTPSCertificateForHost:
2022-08-03 12:45:57.595 plugin-container[26942:381395] nil host used in call to allowsSpecificHTTPSCertificateForHost
2022-08-03 12:45:57.595 plugin-container[26942:381395] nil host used in call to allowsAnyHTTPSCertificateForHost:
1659545157600	Marionette	INFO	Listening on port 59659
WebDriver BiDi listening on ws://localhost:59656
1659545157714	RemoteAgent	WARN	TLS certificate errors will be ignored for this session
[GFX1-]: RenderCompositorSWGL failed mapping default framebuffer, no dt
console.warn: SearchSettings: "get: No settings file exists, new profile?" (new NotFoundError("Could not open the file at /var/folders/x9/wwqv3bs174n51_v9w6kf3ydc0000gn/T/rust_mozprofile8wCzTF/search.json.mozlz4", (void 0)))
DevTools listening on ws://localhost:59656/devtools/browser/b66548f2-4f8b-4694-8b9f-de4ffe9f58f5
1659545160751	Marionette	INFO	Stopped listening on port 59659
1659545237004	geckodriver	INFO	Listening on 127.0.0.1:59721
1659545237021	mozrunner::runner	INFO	Running command: "/Applications/Firefox.app/Contents/MacOS/firefox-bin" "--marionette" "-headless" "--remote-debugging-port" "59722" "-foreground" "-no-remote" "-profile" "/var/folders/x9/wwqv3bs174n51_v9w6kf3ydc0000gn/T/rust_mozprofileKBT5bD"
*** You are running in headless mode.
1659545237218	Marionette	INFO	Marionette enabled
2022-08-03 12:47:17.220 plugin-container[26988:382272] nil host used in call to allowsSpecificHTTPSCertificateForHost
2022-08-03 12:47:17.220 plugin-container[26988:382272] nil host used in call to allowsAnyHTTPSCertificateForHost:
2022-08-03 12:47:17.223 plugin-container[26988:382272] nil host used in call to allowsSpecificHTTPSCertificateForHost
2022-08-03 12:47:17.223 plugin-container[26988:382272] nil host used in call to allowsAnyHTTPSCertificateForHost:
2022-08-03 12:47:17.223 plugin-container[26988:382280] nil host used in call to allowsSpecificHTTPSCertificateForHost
2022-08-03 12:47:17.223 plugin-container[26988:382280] nil host used in call to allowsAnyHTTPSCertificateForHost:
1659545237225	Marionette	INFO	Listening on port 59725
WebDriver BiDi listening on ws://localhost:59722
1659545237342	RemoteAgent	WARN	TLS certificate errors will be ignored for this session
[GFX1-]: RenderCompositorSWGL failed mapping default framebuffer, no dt
console.warn: SearchSettings: "get: No settings file exists, new profile?" (new NotFoundError("Could not open the file at /var/folders/x9/wwqv3bs174n51_v9w6kf3ydc0000gn/T/rust_mozprofileKBT5bD/search.json.mozlz4", (void 0)))
DevTools listening on ws://localhost:59722/devtools/browser/ebe41234-716e-4e1f-9d10-444d3e7994bc
1659545240361	Marionette	INFO	Stopped listening on port 59725
1659545464018	geckodriver	INFO	Listening on 127.0.0.1:59801
1659545464052	mozrunner::runner	INFO	Running command: "/Applications/Firefox.app/Contents/MacOS/firefox-bin" "--marionette" "-headless" "--remote-debugging-port" "59802" "-foreground" "-no-remote" "-profile" "/var/folders/x9/wwqv3bs174n51_v9w6kf3ydc0000gn/T/rust_mozprofileQNRWSE"
*** You are running in headless mode.
2022-08-03 12:51:04.254 plugin-container[27070:384116] nil host used in call to allowsSpecificHTTPSCertificateForHost
2022-08-03 12:51:04.255 plugin-container[27070:384116] nil host used in call to allowsAnyHTTPSCertificateForHost:
2022-08-03 12:51:04.256 plugin-container[27070:384116] nil host used in call to allowsSpecificHTTPSCertificateForHost
2022-08-03 12:51:04.256 plugin-container[27070:384116] nil host used in call to allowsAnyHTTPSCertificateForHost:
1659545464256	Marionette	INFO	Marionette enabled
2022-08-03 12:51:04.257 plugin-container[27070:384138] nil host used in call to allowsSpecificHTTPSCertificateForHost
2022-08-03 12:51:04.257 plugin-container[27070:384138] nil host used in call to allowsAnyHTTPSCertificateForHost:
1659545464263	Marionette	INFO	Listening on port 59805
WebDriver BiDi listening on ws://localhost:59802
1659545464423	RemoteAgent	WARN	TLS certificate errors will be ignored for this session
[GFX1-]: RenderCompositorSWGL failed mapping default framebuffer, no dt
console.warn: SearchSettings: "get: No settings file exists, new profile?" (new NotFoundError("Could not open the file at /var/folders/x9/wwqv3bs174n51_v9w6kf3ydc0000gn/T/rust_mozprofileQNRWSE/search.json.mozlz4", (void 0)))
DevTools listening on ws://localhost:59802/devtools/browser/91c36898-fc5c-4c10-9603-a1aa3da956cb
1659545467466	Marionette	INFO	Stopped listening on port 59805
1659545534517	geckodriver	INFO	Listening on 127.0.0.1:59873
1659545534554	mozrunner::runner	INFO	Running command: "/Applications/Firefox.app/Contents/MacOS/firefox-bin" "--marionette" "-headless" "--remote-debugging-port" "59874" "-foreground" "-no-remote" "-profile" "/var/folders/x9/wwqv3bs174n51_v9w6kf3ydc0000gn/T/rust_mozprofileGT9JzG"
*** You are running in headless mode.
2022-08-03 12:52:14.753 plugin-container[27117:385067] nil host used in call to allowsSpecificHTTPSCertificateForHost
2022-08-03 12:52:14.753 plugin-container[27117:385067] nil host used in call to allowsAnyHTTPSCertificateForHost:
1659545534754	Marionette	INFO	Marionette enabled
2022-08-03 12:52:14.755 plugin-container[27117:385067] nil host used in call to allowsSpecificHTTPSCertificateForHost
2022-08-03 12:52:14.755 plugin-container[27117:385067] nil host used in call to allowsAnyHTTPSCertificateForHost:
2022-08-03 12:52:14.755 plugin-container[27117:385094] nil host used in call to allowsSpecificHTTPSCertificateForHost
2022-08-03 12:52:14.755 plugin-container[27117:385094] nil host used in call to allowsAnyHTTPSCertificateForHost:
1659545534761	Marionette	INFO	Listening on port 59877
WebDriver BiDi listening on ws://localhost:59874
1659545534877	RemoteAgent	WARN	TLS certificate errors will be ignored for this session
[GFX1-]: RenderCompositorSWGL failed mapping default framebuffer, no dt
console.warn: SearchSettings: "get: No settings file exists, new profile?" (new NotFoundError("Could not open the file at /var/folders/x9/wwqv3bs174n51_v9w6kf3ydc0000gn/T/rust_mozprofileGT9JzG/search.json.mozlz4", (void 0)))
DevTools listening on ws://localhost:59874/devtools/browser/0907b764-ceb3-4da0-8f1a-345bf1a76de6
1659545537887	Marionette	INFO	Stopped listening on port 59877
1659545550609	geckodriver	INFO	Listening on 127.0.0.1:59930
1659545550628	mozrunner::runner	INFO	Running command: "/Applications/Firefox.app/Contents/MacOS/firefox-bin" "--marionette" "-headless" "--remote-debugging-port" "59931" "-foreground" "-no-remote" "-profile" "/var/folders/x9/wwqv3bs174n51_v9w6kf3ydc0000gn/T/rust_mozprofileWRWJjs"
*** You are running in headless mode.
2022-08-03 12:52:30.826 plugin-container[27160:385542] nil host used in call to allowsSpecificHTTPSCertificateForHost
2022-08-03 12:52:30.827 plugin-container[27160:385542] nil host used in call to allowsAnyHTTPSCertificateForHost:
2022-08-03 12:52:30.829 plugin-container[27160:385542] nil host used in call to allowsSpecificHTTPSCertificateForHost
2022-08-03 12:52:30.829 plugin-container[27160:385542] nil host used in call to allowsAnyHTTPSCertificateForHost:
2022-08-03 12:52:30.829 plugin-container[27160:385540] nil host used in call to allowsSpecificHTTPSCertificateForHost
2022-08-03 12:52:30.829 plugin-container[27160:385540] nil host used in call to allowsAnyHTTPSCertificateForHost:
1659545550830	Marionette	INFO	Marionette enabled
1659545550837	Marionette	INFO	Listening on port 59934
WebDriver BiDi listening on ws://localhost:59931
1659545550999	RemoteAgent	WARN	TLS certificate errors will be ignored for this session
[GFX1-]: RenderCompositorSWGL failed mapping default framebuffer, no dt
console.warn: SearchSettings: "get: No settings file exists, new profile?" (new NotFoundError("Could not open the file at /var/folders/x9/wwqv3bs174n51_v9w6kf3ydc0000gn/T/rust_mozprofileWRWJjs/search.json.mozlz4", (void 0)))
DevTools listening on ws://localhost:59931/devtools/browser/f8cb8c35-9b24-4e68-8b2c-d762ce27af39
1659545554149	Marionette	INFO	Stopped listening on port 59934
1659545582652	geckodriver	INFO	Listening on 127.0.0.1:59992
1659545582671	mozrunner::runner	INFO	Running command: "/Applications/Firefox.app/Contents/MacOS/firefox-bin" "--marionette" "-headless" "--remote-debugging-port" "59993" "-foreground" "-no-remote" "-profile" "/var/folders/x9/wwqv3bs174n51_v9w6kf3ydc0000gn/T/rust_mozprofile7JoAvn"
*** You are running in headless mode.
2022-08-03 12:53:02.866 plugin-container[27204:386122] nil host used in call to allowsSpecificHTTPSCertificateForHost
2022-08-03 12:53:02.866 plugin-container[27204:386122] nil host used in call to allowsAnyHTTPSCertificateForHost:
2022-08-03 12:53:02.868 plugin-container[27204:386122] nil host used in call to allowsSpecificHTTPSCertificateForHost
2022-08-03 12:53:02.868 plugin-container[27204:386122] nil host used in call to allowsAnyHTTPSCertificateForHost:
2022-08-03 12:53:02.868 plugin-container[27204:386128] nil host used in call to allowsSpecificHTTPSCertificateForHost
2022-08-03 12:53:02.868 plugin-container[27204:386128] nil host used in call to allowsAnyHTTPSCertificateForHost:
1659545582873	Marionette	INFO	Marionette enabled
1659545582880	Marionette	INFO	Listening on port 59996
WebDriver BiDi listening on ws://localhost:59993
1659545583052	RemoteAgent	WARN	TLS certificate errors will be ignored for this session
[GFX1-]: RenderCompositorSWGL failed mapping default framebuffer, no dt
console.warn: SearchSettings: "get: No settings file exists, new profile?" (new NotFoundError("Could not open the file at /var/folders/x9/wwqv3bs174n51_v9w6kf3ydc0000gn/T/rust_mozprofile7JoAvn/search.json.mozlz4", (void 0)))
DevTools listening on ws://localhost:59993/devtools/browser/7dacfec9-6d45-4c6a-8b53-dd837513e076
1659545586069	Marionette	INFO	Stopped listening on port 59996
1659545603929	geckodriver	INFO	Listening on 127.0.0.1:60047
1659545603949	mozrunner::runner	INFO	Running command: "/Applications/Firefox.app/Contents/MacOS/firefox-bin" "--marionette" "-headless" "--remote-debugging-port" "60048" "-foreground" "-no-remote" "-profile" "/var/folders/x9/wwqv3bs174n51_v9w6kf3ydc0000gn/T/rust_mozprofile7h9S9c"
*** You are running in headless mode.
2022-08-03 12:53:24.149 plugin-container[27247:386640] nil host used in call to allowsSpecificHTTPSCertificateForHost
2022-08-03 12:53:24.149 plugin-container[27247:386640] nil host used in call to allowsAnyHTTPSCertificateForHost:
1659545604151	Marionette	INFO	Marionette enabled
2022-08-03 12:53:24.151 plugin-container[27247:386640] nil host used in call to allowsSpecificHTTPSCertificateForHost
2022-08-03 12:53:24.151 plugin-container[27247:386640] nil host used in call to allowsAnyHTTPSCertificateForHost:
2022-08-03 12:53:24.151 plugin-container[27247:386642] nil host used in call to allowsSpecificHTTPSCertificateForHost
2022-08-03 12:53:24.151 plugin-container[27247:386642] nil host used in call to allowsAnyHTTPSCertificateForHost:
1659545604157	Marionette	INFO	Listening on port 60051
WebDriver BiDi listening on ws://localhost:60048
1659545604275	RemoteAgent	WARN	TLS certificate errors will be ignored for this session
[GFX1-]: RenderCompositorSWGL failed mapping default framebuffer, no dt
console.warn: SearchSettings: "get: No settings file exists, new profile?" (new NotFoundError("Could not open the file at /var/folders/x9/wwqv3bs174n51_v9w6kf3ydc0000gn/T/rust_mozprofile7h9S9c/search.json.mozlz4", (void 0)))
DevTools listening on ws://localhost:60048/devtools/browser/9e068a67-10c8-451d-947c-52c9217480d3
1659545607495	Marionette	INFO	Stopped listening on port 60051
1659545643999	geckodriver	INFO	Listening on 127.0.0.1:60110
1659545644017	mozrunner::runner	INFO	Running command: "/Applications/Firefox.app/Contents/MacOS/firefox-bin" "--marionette" "-headless" "--remote-debugging-port" "60111" "-foreground" "-no-remote" "-profile" "/var/folders/x9/wwqv3bs174n51_v9w6kf3ydc0000gn/T/rust_mozprofilePq4Jzs"
*** You are running in headless mode.
2022-08-03 12:54:04.210 plugin-container[27293:387293] nil host used in call to allowsSpecificHTTPSCertificateForHost
2022-08-03 12:54:04.210 plugin-container[27293:387293] nil host used in call to allowsAnyHTTPSCertificateForHost:
1659545644213	Marionette	INFO	Marionette enabled
2022-08-03 12:54:04.213 plugin-container[27293:387293] nil host used in call to allowsSpecificHTTPSCertificateForHost
2022-08-03 12:54:04.213 plugin-container[27293:387293] nil host used in call to allowsAnyHTTPSCertificateForHost:
2022-08-03 12:54:04.213 plugin-container[27293:387320] nil host used in call to allowsSpecificHTTPSCertificateForHost
2022-08-03 12:54:04.213 plugin-container[27293:387320] nil host used in call to allowsAnyHTTPSCertificateForHost:
1659545644220	Marionette	INFO	Listening on port 60114
WebDriver BiDi listening on ws://localhost:60111
1659545644332	RemoteAgent	WARN	TLS certificate errors will be ignored for this session
[GFX1-]: RenderCompositorSWGL failed mapping default framebuffer, no dt
console.warn: SearchSettings: "get: No settings file exists, new profile?" (new NotFoundError("Could not open the file at /var/folders/x9/wwqv3bs174n51_v9w6kf3ydc0000gn/T/rust_mozprofilePq4Jzs/search.json.mozlz4", (void 0)))
DevTools listening on ws://localhost:60111/devtools/browser/20e326a4-87d7-4620-adf7-800dfefd6841
1659545647362	Marionette	INFO	Stopped listening on port 60114
JavaScript error: resource://services-settings/RemoteSettingsWorker.jsm, line 145: Error: Shutdown, aborting read-only worker requests.
1659545829843	geckodriver	INFO	Listening on 127.0.0.1:60251
1659545829860	mozrunner::runner	INFO	Running command: "/Applications/Firefox.app/Contents/MacOS/firefox-bin" "--marionette" "-headless" "--remote-debugging-port" "60252" "-foreground" "-no-remote" "-profile" "/var/folders/x9/wwqv3bs174n51_v9w6kf3ydc0000gn/T/rust_mozprofileYv9FOr"
*** You are running in headless mode.
2022-08-03 12:57:10.063 plugin-container[27352:389305] nil host used in call to allowsSpecificHTTPSCertificateForHost
2022-08-03 12:57:10.063 plugin-container[27352:389305] nil host used in call to allowsAnyHTTPSCertificateForHost:
1659545830063	Marionette	INFO	Marionette enabled
2022-08-03 12:57:10.064 plugin-container[27352:389305] nil host used in call to allowsSpecificHTTPSCertificateForHost
2022-08-03 12:57:10.064 plugin-container[27352:389305] nil host used in call to allowsAnyHTTPSCertificateForHost:
2022-08-03 12:57:10.065 plugin-container[27352:389332] nil host used in call to allowsSpecificHTTPSCertificateForHost
2022-08-03 12:57:10.065 plugin-container[27352:389332] nil host used in call to allowsAnyHTTPSCertificateForHost:
1659545830072	Marionette	INFO	Listening on port 60255
WebDriver BiDi listening on ws://localhost:60252
1659545830193	RemoteAgent	WARN	TLS certificate errors will be ignored for this session
[GFX1-]: RenderCompositorSWGL failed mapping default framebuffer, no dt
console.warn: SearchSettings: "get: No settings file exists, new profile?" (new NotFoundError("Could not open the file at /var/folders/x9/wwqv3bs174n51_v9w6kf3ydc0000gn/T/rust_mozprofileYv9FOr/search.json.mozlz4", (void 0)))
DevTools listening on ws://localhost:60252/devtools/browser/02b579dd-3878-4a13-855c-43be251fe1cd
1659545833116	Marionette	INFO	Stopped listening on port 60255
1659546016116	geckodriver	INFO	Listening on 127.0.0.1:60373
1659546016637	mozrunner::runner	INFO	Running command: "/Applications/Firefox.app/Contents/MacOS/firefox-bin" "--marionette" "-headless" "--remote-debugging-port" "60374" "-foreground" "-no-remote" "-profile" "/var/folders/x9/wwqv3bs174n51_v9w6kf3ydc0000gn/T/rust_mozprofilei58trd"
*** You are running in headless mode.
2022-08-03 13:00:16.871 plugin-container[27426:391615] nil host used in call to allowsSpecificHTTPSCertificateForHost
2022-08-03 13:00:16.871 plugin-container[27426:391615] nil host used in call to allowsAnyHTTPSCertificateForHost:
1659546016873	Marionette	INFO	Marionette enabled
1659546016879	Marionette	INFO	Listening on port 60379
2022-08-03 13:00:16.881 plugin-container[27426:391615] nil host used in call to allowsSpecificHTTPSCertificateForHost
2022-08-03 13:00:16.881 plugin-container[27426:391615] nil host used in call to allowsAnyHTTPSCertificateForHost:
2022-08-03 13:00:16.881 plugin-container[27426:391635] nil host used in call to allowsSpecificHTTPSCertificateForHost
2022-08-03 13:00:16.881 plugin-container[27426:391635] nil host used in call to allowsAnyHTTPSCertificateForHost:
WebDriver BiDi listening on ws://localhost:60374
1659546017003	RemoteAgent	WARN	TLS certificate errors will be ignored for this session
[GFX1-]: RenderCompositorSWGL failed mapping default framebuffer, no dt
console.warn: SearchSettings: "get: No settings file exists, new profile?" (new NotFoundError("Could not open the file at /var/folders/x9/wwqv3bs174n51_v9w6kf3ydc0000gn/T/rust_mozprofilei58trd/search.json.mozlz4", (void 0)))
DevTools listening on ws://localhost:60374/devtools/browser/95a648cf-7ef9-4d3f-a256-9a4b218477ef
1659546021011	Marionette	INFO	Stopped listening on port 60379
1659546031999	geckodriver	INFO	Listening on 127.0.0.1:60432
1659546032019	mozrunner::runner	INFO	Running command: "/Applications/Firefox.app/Contents/MacOS/firefox-bin" "--marionette" "-headless" "--remote-debugging-port" "60433" "-foreground" "-no-remote" "-profile" "/var/folders/x9/wwqv3bs174n51_v9w6kf3ydc0000gn/T/rust_mozprofiledKeVxD"
*** You are running in headless mode.
2022-08-03 13:00:32.213 plugin-container[27469:392074] nil host used in call to allowsSpecificHTTPSCertificateForHost
2022-08-03 13:00:32.213 plugin-container[27469:392074] nil host used in call to allowsAnyHTTPSCertificateForHost:
2022-08-03 13:00:32.215 plugin-container[27469:392074] nil host used in call to allowsSpecificHTTPSCertificateForHost
2022-08-03 13:00:32.215 plugin-container[27469:392074] nil host used in call to allowsAnyHTTPSCertificateForHost:
2022-08-03 13:00:32.215 plugin-container[27469:392072] nil host used in call to allowsSpecificHTTPSCertificateForHost
2022-08-03 13:00:32.215 plugin-container[27469:392072] nil host used in call to allowsAnyHTTPSCertificateForHost:
1659546032217	Marionette	INFO	Marionette enabled
1659546032224	Marionette	INFO	Listening on port 60436
WebDriver BiDi listening on ws://localhost:60433
1659546032339	RemoteAgent	WARN	TLS certificate errors will be ignored for this session
[GFX1-]: RenderCompositorSWGL failed mapping default framebuffer, no dt
console.warn: SearchSettings: "get: No settings file exists, new profile?" (new NotFoundError("Could not open the file at /var/folders/x9/wwqv3bs174n51_v9w6kf3ydc0000gn/T/rust_mozprofiledKeVxD/search.json.mozlz4", (void 0)))
DevTools listening on ws://localhost:60433/devtools/browser/c9e98752-0a26-4dd7-96b4-826eb0c56c26
1659546035357	Marionette	INFO	Stopped listening on port 60436
1659546085172	geckodriver	INFO	Listening on 127.0.0.1:60487
1659546085205	mozrunner::runner	INFO	Running command: "/Applications/Firefox.app/Contents/MacOS/firefox-bin" "--marionette" "-headless" "--remote-debugging-port" "60488" "-foreground" "-no-remote" "-profile" "/var/folders/x9/wwqv3bs174n51_v9w6kf3ydc0000gn/T/rust_mozprofilewvlV9o"
*** You are running in headless mode.
2022-08-03 13:01:25.397 plugin-container[27515:392791] nil host used in call to allowsSpecificHTTPSCertificateForHost
2022-08-03 13:01:25.398 plugin-container[27515:392791] nil host used in call to allowsAnyHTTPSCertificateForHost:
2022-08-03 13:01:25.399 plugin-container[27515:392791] nil host used in call to allowsSpecificHTTPSCertificateForHost
2022-08-03 13:01:25.399 plugin-container[27515:392791] nil host used in call to allowsAnyHTTPSCertificateForHost:
2022-08-03 13:01:25.399 plugin-container[27515:392800] nil host used in call to allowsSpecificHTTPSCertificateForHost
2022-08-03 13:01:25.399 plugin-container[27515:392800] nil host used in call to allowsAnyHTTPSCertificateForHost:
1659546085402	Marionette	INFO	Marionette enabled
1659546085409	Marionette	INFO	Listening on port 60491
WebDriver BiDi listening on ws://localhost:60488
1659546085526	RemoteAgent	WARN	TLS certificate errors will be ignored for this session
[GFX1-]: RenderCompositorSWGL failed mapping default framebuffer, no dt
console.warn: SearchSettings: "get: No settings file exists, new profile?" (new NotFoundError("Could not open the file at /var/folders/x9/wwqv3bs174n51_v9w6kf3ydc0000gn/T/rust_mozprofilewvlV9o/search.json.mozlz4", (void 0)))
DevTools listening on ws://localhost:60488/devtools/browser/9e1e2cde-60d2-4a68-b59e-2b288323981d
1659546088633	Marionette	INFO	Stopped listening on port 60491
